{
  "RSpec": {
    "coverage": {
      "/home/mike/workspace/localization-react-demo-app/app/controllers/api/v1/users_controller.rb": {
        "lines": [
          1,
          1,
          1,
          2,
          2,
          1,
          null,
          1,
          null,
          null,
          null,
          1,
          null,
          1,
          2,
          null,
          null,
          null
        ]
      },
      "/home/mike/workspace/localization-react-demo-app/app/controllers/application_controller.rb": {
        "lines": [
          1,
          null,
          1,
          1,
          null,
          1,
          0,
          null,
          null,
          1,
          0,
          null,
          null,
          null,
          null,
          null,
          1,
          3,
          null,
          null,
          null
        ]
      },
      "/home/mike/workspace/localization-react-demo-app/app/controllers/home_page_controller.rb": {
        "lines": [
          1,
          1,
          null,
          null
        ]
      },
      "/home/mike/workspace/localization-react-demo-app/app/models/user.rb": {
        "lines": [
          1,
          null,
          1,
          1,
          null,
          1,
          null,
          1,
          10,
          null,
          null,
          1,
          9,
          null,
          null,
          1,
          null,
          1,
          null,
          9,
          null,
          null,
          null,
          null
        ]
      },
      "/home/mike/workspace/localization-react-demo-app/app/models/application_record.rb": {
        "lines": [
          1,
          1,
          null
        ]
      },
      "/home/mike/workspace/localization-react-demo-app/app/mailers/user_mailer.rb": {
        "lines": [
          1,
          null,
          1,
          9,
          9,
          null,
          9,
          9,
          null,
          null,
          null
        ]
      },
      "/home/mike/workspace/localization-react-demo-app/app/mailers/application_mailer.rb": {
        "lines": [
          1,
          1,
          1,
          null
        ]
      }
    },
    "timestamp": 1589280238
  }
}
